# JRE version: Java(TM) SE Runtime Environment (8.0_231-b11) (build 1.8.0_231-b11)
# Java VM: Java HotSpot(TM) 64-Bit Server VM (25.231-b11 mixed mode windows-amd64 compressed oops)
Heap:
 PSYoungGen      total 132608K, used 83832K [0x00000000d5f80000, 0x00000000df100000, 0x0000000100000000)
  eden space 123904K, 60% used [0x00000000d5f80000,0x00000000da8def60,0x00000000dd880000)
  from space 8704K, 99% used [0x00000000de000000,0x00000000de87f1a8,0x00000000de880000)
  to   space 7168K, 0% used [0x00000000dea00000,0x00000000dea00000,0x00000000df100000)
 ParOldGen       total 70144K, used 20809K [0x0000000081e00000, 0x0000000086280000, 0x00000000d5f80000)
  object space 70144K, 29% used [0x0000000081e00000,0x0000000083252440,0x0000000086280000)
 Metaspace       used 50490K, capacity 53560K, committed 53888K, reserved 1097728K
  class space    used 7158K, capacity 7686K, committed 7808K, reserved 1048576K
GC Heap History (10 events):
Event: 4.234 GC heap before
{Heap before GC invocations=7 (full 1):
 PSYoungGen      total 71680K, used 66560K [0x00000000d5f80000, 0x00000000df280000, 0x0000000100000000)
  eden space 66560K, 100% used [0x00000000d5f80000,0x00000000da080000,0x00000000da080000)
  from space 5120K, 0% used [0x00000000da080000,0x00000000da080000,0x00000000da580000)
  to   space 8704K, 0% used [0x00000000dea00000,0x00000000dea00000,0x00000000df280000)
 ParOldGen       total 49664K, used 7819K [0x0000000081e00000, 0x0000000084e80000, 0x00000000d5f80000)
  object space 49664K, 15% used [0x0000000081e00000,0x00000000825a2e58,0x0000000084e80000)
 Metaspace       used 23923K, capacity 25118K, committed 25472K, reserved 1073152K
  class space    used 3302K, capacity 3593K, committed 3712K, reserved 1048576K
Event: 4.257 GC heap after
Heap after GC invocations=7 (full 1):
 PSYoungGen      total 131072K, used 6687K [0x00000000d5f80000, 0x00000000df100000, 0x0000000100000000)
  eden space 123904K, 0% used [0x00000000d5f80000,0x00000000d5f80000,0x00000000dd880000)
  from space 7168K, 93% used [0x00000000dea00000,0x00000000df087fd0,0x00000000df100000)
  to   space 8704K, 0% used [0x00000000de000000,0x00000000de000000,0x00000000de880000)
 ParOldGen       total 49664K, used 7827K [0x0000000081e00000, 0x0000000084e80000, 0x00000000d5f80000)
  object space 49664K, 15% used [0x0000000081e00000,0x00000000825a4e58,0x0000000084e80000)
 Metaspace       used 23923K, capacity 25118K, committed 25472K, reserved 1073152K
  class space    used 3302K, capacity 3593K, committed 3712K, reserved 1048576K
}
Event: 5.662 GC heap before
{Heap before GC invocations=8 (full 1):
 PSYoungGen      total 131072K, used 130591K [0x00000000d5f80000, 0x00000000df100000, 0x0000000100000000)
  eden space 123904K, 100% used [0x00000000d5f80000,0x00000000dd880000,0x00000000dd880000)
  from space 7168K, 93% used [0x00000000dea00000,0x00000000df087fd0,0x00000000df100000)
  to   space 8704K, 0% used [0x00000000de000000,0x00000000de000000,0x00000000de880000)
 ParOldGen       total 49664K, used 7827K [0x0000000081e00000, 0x0000000084e80000, 0x00000000d5f80000)
  object space 49664K, 15% used [0x0000000081e00000,0x00000000825a4e58,0x0000000084e80000)
 Metaspace       used 29669K, capacity 31576K, committed 31744K, reserved 1077248K
  class space    used 4119K, capacity 4484K, committed 4608K, reserved 1048576K
Event: 5.672 GC heap after
Heap after GC invocations=8 (full 1):
 PSYoungGen      total 132608K, used 8695K [0x00000000d5f80000, 0x00000000df100000, 0x0000000100000000)
  eden space 123904K, 0% used [0x00000000d5f80000,0x00000000d5f80000,0x00000000dd880000)
  from space 8704K, 99% used [0x00000000de000000,0x00000000de87df10,0x00000000de880000)
  to   space 7168K, 0% used [0x00000000dea00000,0x00000000dea00000,0x00000000df100000)
 ParOldGen       total 49664K, used 9620K [0x0000000081e00000, 0x0000000084e80000, 0x00000000d5f80000)
  object space 49664K, 19% used [0x0000000081e00000,0x00000000827653e0,0x0000000084e80000)
 Metaspace       used 29669K, capacity 31576K, committed 31744K, reserved 1077248K
  class space    used 4119K, capacity 4484K, committed 4608K, reserved 1048576K
}
Event: 7.452 GC heap before
{Heap before GC invocations=9 (full 1):
 PSYoungGen      total 132608K, used 50240K [0x00000000d5f80000, 0x00000000df100000, 0x0000000100000000)
  eden space 123904K, 33% used [0x00000000d5f80000,0x00000000d8812250,0x00000000dd880000)
  from space 8704K, 99% used [0x00000000de000000,0x00000000de87df10,0x00000000de880000)
  to   space 7168K, 0% used [0x00000000dea00000,0x00000000dea00000,0x00000000df100000)
 ParOldGen       total 49664K, used 9620K [0x0000000081e00000, 0x0000000084e80000, 0x00000000d5f80000)
  object space 49664K, 19% used [0x0000000081e00000,0x00000000827653e0,0x0000000084e80000)
 Metaspace       used 33346K, capacity 35260K, committed 35456K, reserved 1081344K
  class space    used 4539K, capacity 4906K, committed 4992K, reserved 1048576K
Event: 7.462 GC heap after
Heap after GC invocations=9 (full 1):
 PSYoungGen      total 131072K, used 7145K [0x00000000d5f80000, 0x00000000df100000, 0x0000000100000000)
  eden space 123904K, 0% used [0x00000000d5f80000,0x00000000d5f80000,0x00000000dd880000)
  from space 7168K, 99% used [0x00000000dea00000,0x00000000df0fa530,0x00000000df100000)
  to   space 8704K, 0% used [0x00000000de000000,0x00000000de000000,0x00000000de880000)
 ParOldGen       total 49664K, used 12679K [0x0000000081e00000, 0x0000000084e80000, 0x00000000d5f80000)
  object space 49664K, 25% used [0x0000000081e00000,0x0000000082a61dd0,0x0000000084e80000)
 Metaspace       used 33346K, capacity 35260K, committed 35456K, reserved 1081344K
  class space    used 4539K, capacity 4906K, committed 4992K, reserved 1048576K
}
Event: 7.462 GC heap before
{Heap before GC invocations=10 (full 2):
 PSYoungGen      total 131072K, used 7145K [0x00000000d5f80000, 0x00000000df100000, 0x0000000100000000)
  eden space 123904K, 0% used [0x00000000d5f80000,0x00000000d5f80000,0x00000000dd880000)
  from space 7168K, 99% used [0x00000000dea00000,0x00000000df0fa530,0x00000000df100000)
  to   space 8704K, 0% used [0x00000000de000000,0x00000000de000000,0x00000000de880000)
 ParOldGen       total 49664K, used 12679K [0x0000000081e00000, 0x0000000084e80000, 0x00000000d5f80000)
  object space 49664K, 25% used [0x0000000081e00000,0x0000000082a61dd0,0x0000000084e80000)
 Metaspace       used 33346K, capacity 35260K, committed 35456K, reserved 1081344K
  class space    used 4539K, capacity 4906K, committed 4992K, reserved 1048576K
Event: 7.527 GC heap after
Heap after GC invocations=10 (full 2):
 PSYoungGen      total 131072K, used 0K [0x00000000d5f80000, 0x00000000df100000, 0x0000000100000000)
  eden space 123904K, 0% used [0x00000000d5f80000,0x00000000d5f80000,0x00000000dd880000)
  from space 7168K, 0% used [0x00000000dea00000,0x00000000dea00000,0x00000000df100000)
  to   space 8704K, 0% used [0x00000000de000000,0x00000000de000000,0x00000000de880000)
 ParOldGen       total 70144K, used 15468K [0x0000000081e00000, 0x0000000086280000, 0x00000000d5f80000)
  object space 70144K, 22% used [0x0000000081e00000,0x0000000082d1b2c8,0x0000000086280000)
 Metaspace       used 33346K, capacity 35260K, committed 35456K, reserved 1081344K
  class space    used 4539K, capacity 4906K, committed 4992K, reserved 1048576K
}
Event: 9.239 GC heap before
{Heap before GC invocations=11 (full 2):
 PSYoungGen      total 131072K, used 123904K [0x00000000d5f80000, 0x00000000df100000, 0x0000000100000000)
  eden space 123904K, 100% used [0x00000000d5f80000,0x00000000dd880000,0x00000000dd880000)
  from space 7168K, 0% used [0x00000000dea00000,0x00000000dea00000,0x00000000df100000)
  to   space 8704K, 0% used [0x00000000de000000,0x00000000de000000,0x00000000de880000)
 ParOldGen       total 70144K, used 15468K [0x0000000081e00000, 0x0000000086280000, 0x00000000d5f80000)
  object space 70144K, 22% used [0x0000000081e00000,0x0000000082d1b2c8,0x0000000086280000)
 Metaspace       used 45787K, capacity 47970K, committed 48384K, reserved 1091584K
  class space    used 6420K, capacity 6845K, committed 6912K, reserved 1048576K
Event: 9.250 GC heap after
Heap after GC invocations=11 (full 2):
 PSYoungGen      total 132608K, used 8700K [0x00000000d5f80000, 0x00000000df100000, 0x0000000100000000)
  eden space 123904K, 0% used [0x00000000d5f80000,0x00000000d5f80000,0x00000000dd880000)
  from space 8704K, 99% used [0x00000000de000000,0x00000000de87f1a8,0x00000000de880000)
  to   space 7168K, 0% used [0x00000000dea00000,0x00000000dea00000,0x00000000df100000)
 ParOldGen       total 70144K, used 20809K [0x0000000081e00000, 0x0000000086280000, 0x00000000d5f80000)
  object space 70144K, 29% used [0x0000000081e00000,0x0000000083252440,0x0000000086280000)
 Metaspace       used 45787K, capacity 47970K, committed 48384K, reserved 1091584K
  class space    used 6420K, capacity 6845K, committed 6912K, reserved 1048576K
}

